C:\Users\fyyfv\Desktop\Учеба ИТМО\Компьютерная графика\HW_02.dwg,Модель,04.12.2019 21:50:22,fyyfv,EPSON Stylus TX106,A4 210 x 297 mm,1:3.34848,
C:\Users\fyyfv\Desktop\Учеба ИТМО\Компьютерная графика\HW_02.dwg,Модель,04.12.2019 21:54:31,fyyfv,EPSON Stylus TX106,A4 210 x 297 mm,1:1.03725,
C:\Users\fyyfv\Desktop\Учеба ИТМО\Компьютерная графика\HW_02.dwg,Модель,04.12.2019 21:57:25,fyyfv,EPSON Stylus TX106,A4 210 x 297 mm,1:1.03725,
C:\Users\fyyfv\Desktop\Учеба ИТМО\Компьютерная графика\HW_02.dwg,Модель,04.12.2019 21:59:25,fyyfv,EPSON Stylus TX106,A4 210 x 297 mm,1:1.03725,
C:\Users\fyyfv\Desktop\Учеба ИТМО\Компьютерная графика\HW_02.dwg,Модель,04.12.2019 22:30:14,fyyfv,EPSON Stylus TX106,A4 210 x 297 mm,1:1.03725,
C:\Users\fyyfv\Desktop\HW_02_Матрохина.dwg,Модель,06.12.2019 22:49:32,fyyfv,EPSON Stylus TX106,A4 210 x 297 mm,1:1.03725,
C:\Users\fyyfv\Desktop\HW_02_Матрохина.dwg,Модель,06.12.2019 22:53:01,fyyfv,EPSON Stylus TX106,A4 210 x 297 mm,1:1.03725,
C:\Users\fyyfv\Desktop\HW_02_Матрохина.dwg,Модель,06.12.2019 23:00:09,fyyfv,EPSON Stylus TX106,A4 210 x 297 mm,1:1.03725,
C:\Users\fyyfv\Desktop\HW_03_Матрохина.dwg,Модель,11.12.2019 10:26:33,fyyfv,EPSON Stylus TX106,A4 210 x 297 mm,1:1.03725,
C:\Users\fyyfv\Desktop\HW_03_Матрохина.dwg,Модель,12.12.2019 22:31:55,fyyfv,EPSON Stylus TX106,A4 210 x 297 mm,1:1.03725,
C:\Users\fyyfv\Desktop\HW_03_Матрохина.dwg,Модель,12.12.2019 22:38:56,fyyfv,EPSON Stylus TX106,A4 210 x 297 mm,1:1.03725,
C:\Users\fyyfv\Desktop\КИГ ДЗ_4\HW_04_Матрохина_Спецификация.dwg,Модель,17.12.2019 13:08:04,fyyfv,EPSON Stylus TX106,A4 210 x 297 mm,1:1.03725,
C:\Users\fyyfv\Desktop\КИГ ДЗ_4\HW_04_Матрохина_Деталь_2.dwg,Модель,17.12.2019 13:09:52,fyyfv,EPSON Stylus TX106,A4 210 x 297 mm,1:1.03725,
C:\Users\fyyfv\Desktop\КИГ ДЗ_4\HW_04_Матрохина_Деталь_1.dwg,Модель,17.12.2019 13:11:18,fyyfv,EPSON Stylus TX106,A4 210 x 297 mm,1:1.03725,
C:\Users\fyyfv\Desktop\КИГ ДЗ_4\HW_04_Матрохина.dwg,Модель,17.12.2019 13:12:53,fyyfv,EPSON Stylus TX106,A4 210 x 297 mm,1:1.03725,
C:\Users\fyyfv\Desktop\КИГ ДЗ_4\HW_04_Матрохина.dwg,Модель,22.12.2019 0:39:27,fyyfv,EPSON Stylus TX106,A4 210 x 297 mm,1:1.03725,
C:\Users\fyyfv\Desktop\КИГ ДЗ_4\HW_04_Матрохина_Деталь_1.dwg,Модель,22.12.2019 0:41:56,fyyfv,EPSON Stylus TX106,A4 210 x 297 mm,1:1.03725,
C:\Users\fyyfv\Desktop\КИГ ДЗ_4\HW_04_Матрохина_Деталь_1.dwg,Модель,22.12.2019 0:46:14,fyyfv,EPSON Stylus TX106,A4 210 x 297 mm,1:1.03725,
C:\Users\fyyfv\Desktop\КИГ ДЗ_4\HW_04_Матрохина_Деталь_2.dwg,Модель,22.12.2019 0:48:02,fyyfv,EPSON Stylus TX106,A4 210 x 297 mm,1:1.03725,
C:\Users\fyyfv\Desktop\КИГ ДЗ_4\Матрохина_снаружи резьба.dwg,Модель,22.12.2019 23:39:53,fyyfv,EPSON Stylus TX106,A4 210 x 297 mm,1:1.03725,
C:\Users\fyyfv\Desktop\КИГ ДЗ_4\HW_04_Матрохина.dwg,Модель,22.12.2019 23:42:23,fyyfv,EPSON Stylus TX106,A4 210 x 297 mm,1:1.03725,
C:\Users\fyyfv\Desktop\КИГ ДЗ_4\HW_04_Матрохина_Деталь_1.dwg,Модель,23.12.2019 15:14:28,fyyfv,DWG To PDF.pc3,ISO расш. A4 (210.00 x 297.00 мм),1:1.0722,
